{"/Users/edhi-uchiha/Enigma/React-Native/MyApp/App.tsx": {"path":"/Users/edhi-uchiha/Enigma/React-Native/MyApp/App.tsx","statementMap":{"0":{"start":{"line":9,"column":2},"end":{"line":13,"column":4}}},"fnMap":{"0":{"name":"App","decl":{"start":{"line":8,"column":24},"end":{"line":8,"column":27}},"loc":{"start":{"line":8,"column":48},"end":{"line":14,"column":1}},"line":8}},"branchMap":{},"s":{"0":2},"f":{"0":2},"b":{},"_coverageSchema":"1a1c01bbd47fc00a2c39e90264f33305004495a9","hash":"34917e070cfb4c33f9df4633e2efd81742772b04"}
}
